<?xml version="1.0" encoding="UTF-8"?>
<testsuite name="com.mng.TaobaoApplicationTests" tests="1" skipped="0" failures="0" errors="0" timestamp="2021-06-03T11:23:50" hostname="DESKTOP-CAHA6C2" time="0.641">
  <properties/>
  <testcase name="contextLoads()" classname="com.mng.TaobaoApplicationTests" time="0.641"/>
  <system-out><![CDATA[[Test worker] INFO org.springframework.boot.test.context.SpringBootTestContextBootstrapper - Neither @ContextConfiguration nor @ContextHierarchy found for test class [com.mng.TaobaoApplicationTests], using SpringBootContextLoader
[Test worker] INFO org.springframework.test.context.support.AbstractContextLoader - Could not detect default resource locations for test class [com.mng.TaobaoApplicationTests]: no resource found for suffixes {-context.xml, Context.groovy}.
[Test worker] INFO org.springframework.test.context.support.AnnotationConfigContextLoaderUtils - Could not detect default configuration classes for test class [com.mng.TaobaoApplicationTests]: TaobaoApplicationTests does not declare any static, non-private, non-final, nested classes annotated with @Configuration.
[Test worker] INFO org.springframework.boot.test.context.SpringBootTestContextBootstrapper - Found @SpringBootConfiguration com.mng.TaobaoApplication for test class com.mng.TaobaoApplicationTests
[Test worker] INFO org.springframework.boot.test.context.SpringBootTestContextBootstrapper - Loaded default TestExecutionListener class names from location [META-INF/spring.factories]: [org.springframework.boot.test.autoconfigure.restdocs.RestDocsTestExecutionListener, org.springframework.boot.test.autoconfigure.web.client.MockRestServiceServerResetTestExecutionListener, org.springframework.boot.test.autoconfigure.web.servlet.MockMvcPrintOnlyOnFailureTestExecutionListener, org.springframework.boot.test.autoconfigure.web.servlet.WebDriverTestExecutionListener, org.springframework.boot.test.autoconfigure.webservices.client.MockWebServiceServerTestExecutionListener, org.springframework.boot.test.mock.mockito.MockitoTestExecutionListener, org.springframework.boot.test.mock.mockito.ResetMocksTestExecutionListener, org.springframework.test.context.web.ServletTestExecutionListener, org.springframework.test.context.support.DirtiesContextBeforeModesTestExecutionListener, org.springframework.test.context.event.ApplicationEventsTestExecutionListener, org.springframework.test.context.support.DependencyInjectionTestExecutionListener, org.springframework.test.context.support.DirtiesContextTestExecutionListener, org.springframework.test.context.transaction.TransactionalTestExecutionListener, org.springframework.test.context.jdbc.SqlScriptsTestExecutionListener, org.springframework.test.context.event.EventPublishingTestExecutionListener]
[Test worker] INFO org.springframework.boot.test.context.SpringBootTestContextBootstrapper - Using TestExecutionListeners: [org.springframework.test.context.web.ServletTestExecutionListener@3e08446f, org.springframework.test.context.support.DirtiesContextBeforeModesTestExecutionListener@6c3ed273, org.springframework.test.context.event.ApplicationEventsTestExecutionListener@273a478, org.springframework.boot.test.mock.mockito.MockitoTestExecutionListener@513c6ec5, org.springframework.boot.test.autoconfigure.SpringBootDependencyInjectionTestExecutionListener@2deb63b1, org.springframework.test.context.support.DirtiesContextTestExecutionListener@375c8135, org.springframework.test.context.transaction.TransactionalTestExecutionListener@2893b3c2, org.springframework.test.context.jdbc.SqlScriptsTestExecutionListener@1aebaa53, org.springframework.test.context.event.EventPublishingTestExecutionListener@6c6ba454, org.springframework.boot.test.autoconfigure.restdocs.RestDocsTestExecutionListener@3fedc5c5, org.springframework.boot.test.autoconfigure.web.client.MockRestServiceServerResetTestExecutionListener@ad56c59, org.springframework.boot.test.autoconfigure.web.servlet.MockMvcPrintOnlyOnFailureTestExecutionListener@4dabe662, org.springframework.boot.test.autoconfigure.web.servlet.WebDriverTestExecutionListener@7c53b287, org.springframework.boot.test.autoconfigure.webservices.client.MockWebServiceServerTestExecutionListener@2dc19325, org.springframework.boot.test.mock.mockito.ResetMocksTestExecutionListener@cd78560]

  .   ____          _            __ _ _
 /\\ / ___'_ __ _ _(_)_ __  __ _ \ \ \ \
( ( )\___ | '_ | '_| | '_ \/ _` | \ \ \ \
 \\/  ___)| |_)| | | | | || (_| |  ) ) ) )
  '  |____| .__|_| |_|_| |_\__, | / / / /
 =========|_|==============|___/=/_/_/_/
 :: Spring Boot ::                (v2.4.3)

[Test worker] INFO com.mng.TaobaoApplicationTests - Starting TaobaoApplicationTests using Java 15.0.2 on DESKTOP-CAHA6C2 with PID 19076 (started by GentleWine in F:\Git\repositories\mall\mall\taobao)
[Test worker] INFO com.mng.TaobaoApplicationTests - No active profile set, falling back to default profiles: default
[Test worker] INFO org.springframework.data.repository.config.RepositoryConfigurationDelegate - Multiple Spring Data modules found, entering strict repository configuration mode!
[Test worker] INFO org.springframework.data.repository.config.RepositoryConfigurationDelegate - Bootstrapping Spring Data Redis repositories in DEFAULT mode.
[Test worker] INFO org.springframework.data.repository.config.RepositoryConfigurationDelegate - Finished Spring Data repository scanning in 4 ms. Found 0 Redis repository interfaces.
[Test worker] INFO org.springframework.data.repository.config.RepositoryConfigurationDelegate - Multiple Spring Data modules found, entering strict repository configuration mode!
[Test worker] INFO org.springframework.data.repository.config.RepositoryConfigurationDelegate - Bootstrapping Spring Data JPA repositories in DEFAULT mode.
[Test worker] INFO org.springframework.data.repository.config.RepositoryConfigurationExtensionSupport - Spring Data JPA - Could not safely identify store assignment for repository candidate interface com.mng.repository.redis.ScRepository. If you want this repository to be a JPA repository, consider annotating your entities with one of these annotations: javax.persistence.Entity, javax.persistence.MappedSuperclass (preferred), or consider extending one of the following types with your repository: org.springframework.data.jpa.repository.JpaRepository.
[Test worker] INFO org.springframework.data.repository.config.RepositoryConfigurationDelegate - Finished Spring Data repository scanning in 60 ms. Found 4 JPA repository interfaces.
[Test worker] INFO org.springframework.data.repository.config.RepositoryConfigurationDelegate - Multiple Spring Data modules found, entering strict repository configuration mode!
[Test worker] INFO org.springframework.data.repository.config.RepositoryConfigurationDelegate - Bootstrapping Spring Data Redis repositories in DEFAULT mode.
[Test worker] INFO org.springframework.data.repository.config.RepositoryConfigurationExtensionSupport - Spring Data Redis - Could not safely identify store assignment for repository candidate interface com.mng.repository.CategoryRepository. If you want this repository to be a Redis repository, consider annotating your entities with one of these annotations: org.springframework.data.redis.core.RedisHash (preferred), or consider extending one of the following types with your repository: org.springframework.data.keyvalue.repository.KeyValueRepository.
[Test worker] INFO org.springframework.data.repository.config.RepositoryConfigurationExtensionSupport - Spring Data Redis - Could not safely identify store assignment for repository candidate interface com.mng.repository.CommodityRepository. If you want this repository to be a Redis repository, consider annotating your entities with one of these annotations: org.springframework.data.redis.core.RedisHash (preferred), or consider extending one of the following types with your repository: org.springframework.data.keyvalue.repository.KeyValueRepository.
[Test worker] INFO org.springframework.data.repository.config.RepositoryConfigurationExtensionSupport - Spring Data Redis - Could not safely identify store assignment for repository candidate interface com.mng.repository.ShopRepository. If you want this repository to be a Redis repository, consider annotating your entities with one of these annotations: org.springframework.data.redis.core.RedisHash (preferred), or consider extending one of the following types with your repository: org.springframework.data.keyvalue.repository.KeyValueRepository.
[Test worker] INFO org.springframework.data.repository.config.RepositoryConfigurationExtensionSupport - Spring Data Redis - Could not safely identify store assignment for repository candidate interface com.mng.repository.UserRepository. If you want this repository to be a Redis repository, consider annotating your entities with one of these annotations: org.springframework.data.redis.core.RedisHash (preferred), or consider extending one of the following types with your repository: org.springframework.data.keyvalue.repository.KeyValueRepository.
[Test worker] INFO org.springframework.data.repository.config.RepositoryConfigurationDelegate - Finished Spring Data repository scanning in 17 ms. Found 1 Redis repository interfaces.
[Test worker] INFO com.zaxxer.hikari.HikariDataSource - HikariPool-1 - Starting...
[Test worker] INFO com.zaxxer.hikari.HikariDataSource - HikariPool-1 - Start completed.
[Test worker] INFO org.hibernate.jpa.internal.util.LogHelper - HHH000204: Processing PersistenceUnitInfo [name: default]
[Test worker] INFO org.hibernate.Version - HHH000412: Hibernate ORM core version 6.0.0.Alpha7
[Test worker] INFO org.hibernate.annotations.common.Version - HCANN000001: Hibernate Commons Annotations {5.1.2.Final}
[Test worker] INFO SQL dialect - HHH000400: Using dialect: org.hibernate.dialect.MySQLDialect
[Test worker] INFO org.hibernate.engine.transaction.jta.platform.internal.JtaPlatformInitiator - HHH000490: Using JtaPlatform implementation: [org.hibernate.engine.transaction.jta.platform.internal.NoJtaPlatform]
[Test worker] INFO org.springframework.orm.jpa.LocalContainerEntityManagerFactoryBean - Initialized JPA EntityManagerFactory for persistence unit 'default'
[Test worker] WARN org.springframework.boot.autoconfigure.orm.jpa.JpaBaseConfiguration$JpaWebConfiguration - spring.jpa.open-in-view is enabled by default. Therefore, database queries may be performed during view rendering. Explicitly configure spring.jpa.open-in-view to disable this warning
[Test worker] INFO org.springframework.scheduling.concurrent.ThreadPoolTaskExecutor - Initializing ExecutorService 'applicationTaskExecutor'
[Test worker] INFO org.springframework.boot.autoconfigure.web.servlet.WelcomePageHandlerMapping - Adding welcome page template: index
[Test worker] INFO com.mng.TaobaoApplicationTests - Started TaobaoApplicationTests in 4.887 seconds (JVM running for 5.884)
[Test worker] INFO com.mng.TaobaoApplication - hello
]]></system-out>
  <system-err><![CDATA[]]></system-err>
</testsuite>
